<?xml version="1.0" encoding="UTF-8"?>
<testng-results retried="2" ignored="1" total="9" passed="5" failed="1" skipped="0">
  <reporter-output>
  </reporter-output>
  <suite started-at="2025-05-11T23:51:42 IST" name="Loginpage" finished-at="2025-05-11T23:52:44 IST" duration-ms="62072">
    <groups>
    </groups>
    <test started-at="2025-05-11T23:51:42 IST" name="Test" finished-at="2025-05-11T23:52:44 IST" duration-ms="62072">
      <class name="testCases.LoginPageValidatation">
        <test-method is-config="true" signature="setup()[pri:0, instance:testCases.LoginPageValidatation@6c6cb480]" started-at="2025-05-11T23:51:43 IST" name="setup" finished-at="2025-05-11T23:51:51 IST" duration-ms="8145" status="PASS">
          <reporter-output>
          </reporter-output>
        </test-method> <!-- setup -->
        <test-method is-config="true" signature="getDriver()[pri:0, instance:testCases.LoginPageValidatation@6c6cb480]" started-at="2025-05-11T23:51:51 IST" name="getDriver" finished-at="2025-05-11T23:51:51 IST" depends-on-methods="base.BaseTest.setup" duration-ms="4" status="PASS">
          <reporter-output>
          </reporter-output>
        </test-method> <!-- getDriver -->
        <test-method is-config="true" signature="loginpageSetup()[pri:0, instance:testCases.LoginPageValidatation@6c6cb480]" started-at="2025-05-11T23:51:51 IST" name="loginpageSetup" finished-at="2025-05-11T23:51:51 IST" duration-ms="10" status="PASS">
          <reporter-output>
          </reporter-output>
        </test-method> <!-- loginpageSetup -->
        <test-method signature="validate_email_address()[pri:0, instance:testCases.LoginPageValidatation@6c6cb480]" started-at="2025-05-11T23:51:51 IST" name="validate_email_address" finished-at="2025-05-11T23:51:51 IST" duration-ms="200" status="PASS">
          <reporter-output>
          </reporter-output>
        </test-method> <!-- validate_email_address -->
        <test-method is-config="true" signature="teardown()[pri:0, instance:testCases.LoginPageValidatation@6c6cb480]" started-at="2025-05-11T23:51:52 IST" name="teardown" finished-at="2025-05-11T23:51:53 IST" duration-ms="546" status="PASS">
          <reporter-output>
          </reporter-output>
        </test-method> <!-- teardown -->
        <test-method is-config="true" signature="setup()[pri:0, instance:testCases.LoginPageValidatation@6c6cb480]" started-at="2025-05-11T23:51:53 IST" name="setup" finished-at="2025-05-11T23:52:00 IST" duration-ms="7091" status="PASS">
          <reporter-output>
          </reporter-output>
        </test-method> <!-- setup -->
        <test-method is-config="true" signature="getDriver()[pri:0, instance:testCases.LoginPageValidatation@6c6cb480]" started-at="2025-05-11T23:52:00 IST" name="getDriver" finished-at="2025-05-11T23:52:00 IST" depends-on-methods="base.BaseTest.setup" duration-ms="2" status="PASS">
          <reporter-output>
          </reporter-output>
        </test-method> <!-- getDriver -->
        <test-method signature="validate_forgot_password_link()[pri:0, instance:testCases.LoginPageValidatation@6c6cb480]" started-at="2025-05-11T23:52:00 IST" name="validate_forgot_password_link" finished-at="2025-05-11T23:52:00 IST" duration-ms="76" status="PASS">
          <reporter-output>
          </reporter-output>
        </test-method> <!-- validate_forgot_password_link -->
        <test-method is-config="true" signature="loginpageSetup()[pri:0, instance:testCases.LoginPageValidatation@6c6cb480]" started-at="2025-05-11T23:52:00 IST" name="loginpageSetup" finished-at="2025-05-11T23:52:00 IST" duration-ms="0" status="PASS">
          <reporter-output>
          </reporter-output>
        </test-method> <!-- loginpageSetup -->
        <test-method is-config="true" signature="teardown()[pri:0, instance:testCases.LoginPageValidatation@6c6cb480]" started-at="2025-05-11T23:52:01 IST" name="teardown" finished-at="2025-05-11T23:52:01 IST" duration-ms="257" status="PASS">
          <reporter-output>
          </reporter-output>
        </test-method> <!-- teardown -->
        <test-method is-config="true" signature="setup()[pri:0, instance:testCases.LoginPageValidatation@6c6cb480]" started-at="2025-05-11T23:52:01 IST" name="setup" finished-at="2025-05-11T23:52:08 IST" duration-ms="6711" status="PASS">
          <reporter-output>
          </reporter-output>
        </test-method> <!-- setup -->
        <test-method is-config="true" signature="getDriver()[pri:0, instance:testCases.LoginPageValidatation@6c6cb480]" started-at="2025-05-11T23:52:08 IST" name="getDriver" finished-at="2025-05-11T23:52:08 IST" depends-on-methods="base.BaseTest.setup" duration-ms="3" status="PASS">
          <reporter-output>
          </reporter-output>
        </test-method> <!-- getDriver -->
        <test-method is-config="true" signature="loginpageSetup()[pri:0, instance:testCases.LoginPageValidatation@6c6cb480]" started-at="2025-05-11T23:52:08 IST" name="loginpageSetup" finished-at="2025-05-11T23:52:08 IST" duration-ms="1" status="PASS">
          <reporter-output>
          </reporter-output>
        </test-method> <!-- loginpageSetup -->
        <test-method signature="validate_login_text()[pri:0, instance:testCases.LoginPageValidatation@6c6cb480]" started-at="2025-05-11T23:52:08 IST" name="validate_login_text" finished-at="2025-05-11T23:52:08 IST" duration-ms="92" status="PASS">
          <reporter-output>
          </reporter-output>
        </test-method> <!-- validate_login_text -->
        <test-method is-config="true" signature="teardown()[pri:0, instance:testCases.LoginPageValidatation@6c6cb480]" started-at="2025-05-11T23:52:09 IST" name="teardown" finished-at="2025-05-11T23:52:09 IST" duration-ms="253" status="PASS">
          <reporter-output>
          </reporter-output>
        </test-method> <!-- teardown -->
        <test-method is-config="true" signature="setup()[pri:0, instance:testCases.LoginPageValidatation@6c6cb480]" started-at="2025-05-11T23:52:09 IST" name="setup" finished-at="2025-05-11T23:52:15 IST" duration-ms="6180" status="PASS">
          <reporter-output>
          </reporter-output>
        </test-method> <!-- setup -->
        <test-method is-config="true" signature="getDriver()[pri:0, instance:testCases.LoginPageValidatation@6c6cb480]" started-at="2025-05-11T23:52:15 IST" name="getDriver" finished-at="2025-05-11T23:52:15 IST" depends-on-methods="base.BaseTest.setup" duration-ms="3" status="PASS">
          <reporter-output>
          </reporter-output>
        </test-method> <!-- getDriver -->
        <test-method is-config="true" signature="loginpageSetup()[pri:0, instance:testCases.LoginPageValidatation@6c6cb480]" started-at="2025-05-11T23:52:15 IST" name="loginpageSetup" finished-at="2025-05-11T23:52:15 IST" duration-ms="2" status="PASS">
          <reporter-output>
          </reporter-output>
        </test-method> <!-- loginpageSetup -->
        <test-method signature="validate_register_button()[pri:0, instance:testCases.LoginPageValidatation@6c6cb480]" started-at="2025-05-11T23:52:15 IST" name="validate_register_button" finished-at="2025-05-11T23:52:15 IST" duration-ms="100" status="PASS">
          <reporter-output>
          </reporter-output>
        </test-method> <!-- validate_register_button -->
        <test-method is-config="true" signature="teardown()[pri:0, instance:testCases.LoginPageValidatation@6c6cb480]" started-at="2025-05-11T23:52:16 IST" name="teardown" finished-at="2025-05-11T23:52:16 IST" duration-ms="473" status="PASS">
          <reporter-output>
          </reporter-output>
        </test-method> <!-- teardown -->
        <test-method is-config="true" signature="setup()[pri:0, instance:testCases.LoginPageValidatation@6c6cb480]" started-at="2025-05-11T23:52:16 IST" name="setup" finished-at="2025-05-11T23:52:23 IST" duration-ms="6331" status="PASS">
          <reporter-output>
          </reporter-output>
        </test-method> <!-- setup -->
        <test-method is-config="true" signature="getDriver()[pri:0, instance:testCases.LoginPageValidatation@6c6cb480]" started-at="2025-05-11T23:52:23 IST" name="getDriver" finished-at="2025-05-11T23:52:23 IST" depends-on-methods="base.BaseTest.setup" duration-ms="1" status="PASS">
          <reporter-output>
          </reporter-output>
        </test-method> <!-- getDriver -->
        <test-method is-config="true" signature="loginpageSetup()[pri:0, instance:testCases.LoginPageValidatation@6c6cb480]" started-at="2025-05-11T23:52:23 IST" name="loginpageSetup" finished-at="2025-05-11T23:52:23 IST" duration-ms="9" status="PASS">
          <reporter-output>
          </reporter-output>
        </test-method> <!-- loginpageSetup -->
        <test-method signature="validate_register_link()[pri:0, instance:testCases.LoginPageValidatation@6c6cb480]" started-at="2025-05-11T23:52:23 IST" name="validate_register_link" finished-at="2025-05-11T23:52:23 IST" duration-ms="129" status="PASS">
          <reporter-output>
          </reporter-output>
        </test-method> <!-- validate_register_link -->
        <test-method is-config="true" signature="teardown()[pri:0, instance:testCases.LoginPageValidatation@6c6cb480]" started-at="2025-05-11T23:52:24 IST" name="teardown" finished-at="2025-05-11T23:52:24 IST" duration-ms="246" status="PASS">
          <reporter-output>
          </reporter-output>
        </test-method> <!-- teardown -->
        <test-method is-config="true" signature="setup()[pri:0, instance:testCases.LoginPageValidatation@6c6cb480]" started-at="2025-05-11T23:52:24 IST" name="setup" finished-at="2025-05-11T23:52:30 IST" duration-ms="6149" status="PASS">
          <reporter-output>
          </reporter-output>
        </test-method> <!-- setup -->
        <test-method is-config="true" signature="getDriver()[pri:0, instance:testCases.LoginPageValidatation@6c6cb480]" started-at="2025-05-11T23:52:30 IST" name="getDriver" finished-at="2025-05-11T23:52:30 IST" depends-on-methods="base.BaseTest.setup" duration-ms="2" status="PASS">
          <reporter-output>
          </reporter-output>
        </test-method> <!-- getDriver -->
        <test-method is-config="true" signature="loginpageSetup()[pri:0, instance:testCases.LoginPageValidatation@6c6cb480]" started-at="2025-05-11T23:52:30 IST" name="loginpageSetup" finished-at="2025-05-11T23:52:30 IST" duration-ms="2" status="PASS">
          <reporter-output>
          </reporter-output>
        </test-method> <!-- loginpageSetup -->
        <test-method retried="true" signature="validate_title()[pri:0, instance:testCases.LoginPageValidatation@6c6cb480]" started-at="2025-05-11T23:52:30 IST" name="validate_title" finished-at="2025-05-11T23:52:30 IST" duration-ms="86" status="SKIP">
          <exception class="java.lang.AssertionError">
            <message>
              <![CDATA[expected [Let's Sh] but found [Let's Shop]]]>
            </message>
            <full-stacktrace>
              <![CDATA[java.lang.AssertionError: expected [Let's Sh] but found [Let's Shop]
at org.testng.Assert.fail(Assert.java:111)
at org.testng.Assert.failNotEquals(Assert.java:1590)
at org.testng.Assert.assertEqualsImpl(Assert.java:150)
at org.testng.Assert.assertEquals(Assert.java:132)
at org.testng.Assert.assertEquals(Assert.java:656)
at org.testng.Assert.assertEquals(Assert.java:666)
at testCases.LoginPageValidatation.validate_title(LoginPageValidatation.java:50)
at java.base/jdk.internal.reflect.DirectMethodHandleAccessor.invoke(DirectMethodHandleAccessor.java:103)
at java.base/java.lang.reflect.Method.invoke(Method.java:580)
at org.testng.internal.invokers.MethodInvocationHelper.invokeMethod(MethodInvocationHelper.java:141)
at org.testng.internal.invokers.TestInvoker.invokeMethod(TestInvoker.java:687)
at org.testng.internal.invokers.TestInvoker.invokeTestMethod(TestInvoker.java:230)
at org.testng.internal.invokers.MethodRunner.runInSequence(MethodRunner.java:63)
at org.testng.internal.invokers.TestInvoker$MethodInvocationAgent.invoke(TestInvoker.java:995)
at org.testng.internal.invokers.TestInvoker.invokeTestMethods(TestInvoker.java:203)
at org.testng.internal.invokers.TestMethodWorker.invokeTestMethods(TestMethodWorker.java:154)
at org.testng.internal.invokers.TestMethodWorker.run(TestMethodWorker.java:134)
at java.base/java.util.ArrayList.forEach(ArrayList.java:1596)
at org.testng.TestRunner.privateRun(TestRunner.java:741)
at org.testng.TestRunner.run(TestRunner.java:616)
at org.testng.SuiteRunner.runTest(SuiteRunner.java:421)
at org.testng.SuiteRunner.runSequentially(SuiteRunner.java:413)
at org.testng.SuiteRunner.privateRun(SuiteRunner.java:373)
at org.testng.SuiteRunner.run(SuiteRunner.java:312)
at org.testng.SuiteRunnerWorker.runSuite(SuiteRunnerWorker.java:52)
at org.testng.SuiteRunnerWorker.run(SuiteRunnerWorker.java:95)
at org.testng.TestNG.runSuitesSequentially(TestNG.java:1274)
at org.testng.TestNG.runSuitesLocally(TestNG.java:1208)
at org.testng.TestNG.runSuites(TestNG.java:1112)
at org.testng.TestNG.run(TestNG.java:1079)
at org.testng.remote.AbstractRemoteTestNG.run(AbstractRemoteTestNG.java:115)
at org.testng.remote.RemoteTestNG.initAndRun(RemoteTestNG.java:293)
at org.testng.remote.RemoteTestNG.main(RemoteTestNG.java:91)
]]>
            </full-stacktrace>
          </exception> <!-- java.lang.AssertionError -->
          <reporter-output>
          </reporter-output>
        </test-method> <!-- validate_title -->
        <test-method is-config="true" signature="teardown()[pri:0, instance:testCases.LoginPageValidatation@6c6cb480]" started-at="2025-05-11T23:52:30 IST" name="teardown" finished-at="2025-05-11T23:52:30 IST" duration-ms="280" status="PASS">
          <reporter-output>
          </reporter-output>
        </test-method> <!-- teardown -->
        <test-method is-config="true" signature="setup()[pri:0, instance:testCases.LoginPageValidatation@6c6cb480]" started-at="2025-05-11T23:52:30 IST" name="setup" finished-at="2025-05-11T23:52:37 IST" duration-ms="6606" status="PASS">
          <reporter-output>
          </reporter-output>
        </test-method> <!-- setup -->
        <test-method is-config="true" signature="getDriver()[pri:0, instance:testCases.LoginPageValidatation@6c6cb480]" started-at="2025-05-11T23:52:37 IST" name="getDriver" finished-at="2025-05-11T23:52:37 IST" depends-on-methods="base.BaseTest.setup" duration-ms="1" status="PASS">
          <reporter-output>
          </reporter-output>
        </test-method> <!-- getDriver -->
        <test-method retried="true" signature="validate_title()[pri:0, instance:testCases.LoginPageValidatation@6c6cb480]" started-at="2025-05-11T23:52:37 IST" name="validate_title" finished-at="2025-05-11T23:52:37 IST" duration-ms="33" status="SKIP">
          <exception class="java.lang.AssertionError">
            <message>
              <![CDATA[expected [Let's Sh] but found [Let's Shop]]]>
            </message>
            <full-stacktrace>
              <![CDATA[java.lang.AssertionError: expected [Let's Sh] but found [Let's Shop]
at org.testng.Assert.fail(Assert.java:111)
at org.testng.Assert.failNotEquals(Assert.java:1590)
at org.testng.Assert.assertEqualsImpl(Assert.java:150)
at org.testng.Assert.assertEquals(Assert.java:132)
at org.testng.Assert.assertEquals(Assert.java:656)
at org.testng.Assert.assertEquals(Assert.java:666)
at testCases.LoginPageValidatation.validate_title(LoginPageValidatation.java:50)
at java.base/jdk.internal.reflect.DirectMethodHandleAccessor.invoke(DirectMethodHandleAccessor.java:103)
at java.base/java.lang.reflect.Method.invoke(Method.java:580)
at org.testng.internal.invokers.MethodInvocationHelper.invokeMethod(MethodInvocationHelper.java:141)
at org.testng.internal.invokers.TestInvoker.invokeMethod(TestInvoker.java:687)
at org.testng.internal.invokers.TestInvoker.retryFailed(TestInvoker.java:269)
at org.testng.internal.invokers.MethodRunner.runInSequence(MethodRunner.java:76)
at org.testng.internal.invokers.TestInvoker$MethodInvocationAgent.invoke(TestInvoker.java:995)
at org.testng.internal.invokers.TestInvoker.invokeTestMethods(TestInvoker.java:203)
at org.testng.internal.invokers.TestMethodWorker.invokeTestMethods(TestMethodWorker.java:154)
at org.testng.internal.invokers.TestMethodWorker.run(TestMethodWorker.java:134)
at java.base/java.util.ArrayList.forEach(ArrayList.java:1596)
at org.testng.TestRunner.privateRun(TestRunner.java:741)
at org.testng.TestRunner.run(TestRunner.java:616)
at org.testng.SuiteRunner.runTest(SuiteRunner.java:421)
at org.testng.SuiteRunner.runSequentially(SuiteRunner.java:413)
at org.testng.SuiteRunner.privateRun(SuiteRunner.java:373)
at org.testng.SuiteRunner.run(SuiteRunner.java:312)
at org.testng.SuiteRunnerWorker.runSuite(SuiteRunnerWorker.java:52)
at org.testng.SuiteRunnerWorker.run(SuiteRunnerWorker.java:95)
at org.testng.TestNG.runSuitesSequentially(TestNG.java:1274)
at org.testng.TestNG.runSuitesLocally(TestNG.java:1208)
at org.testng.TestNG.runSuites(TestNG.java:1112)
at org.testng.TestNG.run(TestNG.java:1079)
at org.testng.remote.AbstractRemoteTestNG.run(AbstractRemoteTestNG.java:115)
at org.testng.remote.RemoteTestNG.initAndRun(RemoteTestNG.java:293)
at org.testng.remote.RemoteTestNG.main(RemoteTestNG.java:91)
]]>
            </full-stacktrace>
          </exception> <!-- java.lang.AssertionError -->
          <reporter-output>
          </reporter-output>
        </test-method> <!-- validate_title -->
        <test-method is-config="true" signature="loginpageSetup()[pri:0, instance:testCases.LoginPageValidatation@6c6cb480]" started-at="2025-05-11T23:52:37 IST" name="loginpageSetup" finished-at="2025-05-11T23:52:37 IST" duration-ms="0" status="PASS">
          <reporter-output>
          </reporter-output>
        </test-method> <!-- loginpageSetup -->
        <test-method is-config="true" signature="teardown()[pri:0, instance:testCases.LoginPageValidatation@6c6cb480]" started-at="2025-05-11T23:52:37 IST" name="teardown" finished-at="2025-05-11T23:52:37 IST" duration-ms="240" status="PASS">
          <reporter-output>
          </reporter-output>
        </test-method> <!-- teardown -->
        <test-method is-config="true" signature="setup()[pri:0, instance:testCases.LoginPageValidatation@6c6cb480]" started-at="2025-05-11T23:52:37 IST" name="setup" finished-at="2025-05-11T23:52:44 IST" duration-ms="6285" status="PASS">
          <reporter-output>
          </reporter-output>
        </test-method> <!-- setup -->
        <test-method is-config="true" signature="loginpageSetup()[pri:0, instance:testCases.LoginPageValidatation@6c6cb480]" started-at="2025-05-11T23:52:44 IST" name="loginpageSetup" finished-at="2025-05-11T23:52:44 IST" duration-ms="1" status="PASS">
          <reporter-output>
          </reporter-output>
        </test-method> <!-- loginpageSetup -->
        <test-method is-config="true" signature="getDriver()[pri:0, instance:testCases.LoginPageValidatation@6c6cb480]" started-at="2025-05-11T23:52:44 IST" name="getDriver" finished-at="2025-05-11T23:52:44 IST" depends-on-methods="base.BaseTest.setup" duration-ms="0" status="PASS">
          <reporter-output>
          </reporter-output>
        </test-method> <!-- getDriver -->
        <test-method signature="validate_title()[pri:0, instance:testCases.LoginPageValidatation@6c6cb480]" started-at="2025-05-11T23:52:44 IST" name="validate_title" finished-at="2025-05-11T23:52:44 IST" duration-ms="24" status="FAIL">
          <exception class="java.lang.AssertionError">
            <message>
              <![CDATA[expected [Let's Sh] but found [Let's Shop]]]>
            </message>
            <full-stacktrace>
              <![CDATA[java.lang.AssertionError: expected [Let's Sh] but found [Let's Shop]
at org.testng.Assert.fail(Assert.java:111)
at org.testng.Assert.failNotEquals(Assert.java:1590)
at org.testng.Assert.assertEqualsImpl(Assert.java:150)
at org.testng.Assert.assertEquals(Assert.java:132)
at org.testng.Assert.assertEquals(Assert.java:656)
at org.testng.Assert.assertEquals(Assert.java:666)
at testCases.LoginPageValidatation.validate_title(LoginPageValidatation.java:50)
at java.base/jdk.internal.reflect.DirectMethodHandleAccessor.invoke(DirectMethodHandleAccessor.java:103)
at java.base/java.lang.reflect.Method.invoke(Method.java:580)
at org.testng.internal.invokers.MethodInvocationHelper.invokeMethod(MethodInvocationHelper.java:141)
at org.testng.internal.invokers.TestInvoker.invokeMethod(TestInvoker.java:687)
at org.testng.internal.invokers.TestInvoker.retryFailed(TestInvoker.java:269)
at org.testng.internal.invokers.MethodRunner.runInSequence(MethodRunner.java:76)
at org.testng.internal.invokers.TestInvoker$MethodInvocationAgent.invoke(TestInvoker.java:995)
at org.testng.internal.invokers.TestInvoker.invokeTestMethods(TestInvoker.java:203)
at org.testng.internal.invokers.TestMethodWorker.invokeTestMethods(TestMethodWorker.java:154)
at org.testng.internal.invokers.TestMethodWorker.run(TestMethodWorker.java:134)
at java.base/java.util.ArrayList.forEach(ArrayList.java:1596)
at org.testng.TestRunner.privateRun(TestRunner.java:741)
at org.testng.TestRunner.run(TestRunner.java:616)
at org.testng.SuiteRunner.runTest(SuiteRunner.java:421)
at org.testng.SuiteRunner.runSequentially(SuiteRunner.java:413)
at org.testng.SuiteRunner.privateRun(SuiteRunner.java:373)
at org.testng.SuiteRunner.run(SuiteRunner.java:312)
at org.testng.SuiteRunnerWorker.runSuite(SuiteRunnerWorker.java:52)
at org.testng.SuiteRunnerWorker.run(SuiteRunnerWorker.java:95)
at org.testng.TestNG.runSuitesSequentially(TestNG.java:1274)
at org.testng.TestNG.runSuitesLocally(TestNG.java:1208)
at org.testng.TestNG.runSuites(TestNG.java:1112)
at org.testng.TestNG.run(TestNG.java:1079)
at org.testng.remote.AbstractRemoteTestNG.run(AbstractRemoteTestNG.java:115)
at org.testng.remote.RemoteTestNG.initAndRun(RemoteTestNG.java:293)
at org.testng.remote.RemoteTestNG.main(RemoteTestNG.java:91)
]]>
            </full-stacktrace>
          </exception> <!-- java.lang.AssertionError -->
          <reporter-output>
          </reporter-output>
        </test-method> <!-- validate_title -->
        <test-method is-config="true" signature="teardown()[pri:0, instance:testCases.LoginPageValidatation@6c6cb480]" started-at="2025-05-11T23:52:44 IST" name="teardown" finished-at="2025-05-11T23:52:44 IST" duration-ms="265" status="PASS">
          <reporter-output>
          </reporter-output>
        </test-method> <!-- teardown -->
      </class> <!-- testCases.LoginPageValidatation -->
    </test> <!-- Test -->
  </suite> <!-- Loginpage -->
</testng-results>
