<?xml version="1.0" encoding="UTF-8"?>
<!-- Generated by org.testng.reporters.JUnitXMLReporter -->
<testsuite ignored="6" hostname="DESKTOP-LLI844K" failures="0" tests="9" name="Default test" time="69.857" errors="0" timestamp="2025-04-21T09:08:40 IST">
  <testcase classname="testCases.LoginPageValidatation" name="login_page_validations" time="1.657"/>
  <testcase classname="testCases.LoginPageValidatation" name="login_page_validations" time="1.174"/>
  <testcase classname="testCases.LoginPageValidatation" name="login_page_validations" time="1.021"/>
  <testcase classname="testCases.LoginPageValidatation" name="login_page_validations" time="0.63"/>
  <testcase classname="testCases.LoginPageValidatation" name="login_page_validations" time="0.652"/>
  <testcase classname="testCases.LoginPageValidatation" name="login_page_validations" time="0.738"/>
  <testcase classname="testCases.LoginPageValidatation" name="login_page_validations" time="0.701"/>
  <testcase classname="testCases.LoginPageValidatation" name="login_page_validations" time="0.632"/>
  <testcase classname="testCases.LoginPageValidatation" name="login_page_validations" time="1.212"/>
  <testcase classname="testCases.LoginPageValidatation" name="validate_register_button" time="0.0">
    <ignored/>
  </testcase> <!-- validate_register_button -->
  <testcase classname="testCases.LoginPageValidatation" name="validate_login_text" time="0.0">
    <ignored/>
  </testcase> <!-- validate_login_text -->
  <testcase classname="testCases.LoginPageValidatation" name="validate_title" time="0.0">
    <ignored/>
  </testcase> <!-- validate_title -->
  <testcase classname="testCases.LoginPageValidatation" name="validate_forgot_password_link" time="0.0">
    <ignored/>
  </testcase> <!-- validate_forgot_password_link -->
  <testcase classname="testCases.LoginPageValidatation" name="validate_register_link" time="0.0">
    <ignored/>
  </testcase> <!-- validate_register_link -->
  <testcase classname="testCases.LoginPageValidatation" name="validate_email_address" time="0.0">
    <ignored/>
  </testcase> <!-- validate_email_address -->
</testsuite> <!-- Default test -->
