<?xml version="1.0" encoding="UTF-8"?>
<testng-results ignored="0" total="1" passed="1" failed="0" skipped="0">
  <reporter-output>
  </reporter-output>
  <suite started-at="2024-12-05T13:58:49 IST" name="Default suite" finished-at="2024-12-05T13:59:29 IST" duration-ms="39758">
    <groups>
    </groups>
    <test started-at="2024-12-05T13:58:49 IST" name="Default test" finished-at="2024-12-05T13:59:29 IST" duration-ms="39758">
      <class name="windowHandles.SingleWindowHandle">
        <test-method signature="Windows()[pri:0, instance:windowHandles.SingleWindowHandle@71238fc2]" started-at="2024-12-05T13:58:49 IST" name="Windows" finished-at="2024-12-05T13:59:29 IST" duration-ms="39672" status="PASS">
          <reporter-output>
          </reporter-output>
        </test-method> <!-- Windows -->
      </class> <!-- windowHandles.SingleWindowHandle -->
    </test> <!-- Default test -->
  </suite> <!-- Default suite -->
</testng-results>
